<?xml version="1.0" encoding="UTF-8"?>
<!-- Generated by org.testng.reporters.JUnitReportReporter -->
<testsuite skipped="0" hostname="DESKTOP-FA0PIBL" name="Demo.Login" tests="2" failures="0" timestamp="01 Nov 2019 12:17:05 GMT" time="18.790" errors="0">
  <testcase name="configuration" time="11.973" classname="Demo.Login"/>
  <testcase name="doLogin" time="6.817" classname="Demo.Login"/>
</testsuite> <!-- Demo.Login -->
